# JRE version: Java(TM) SE Runtime Environment (8.0_60-b27) (build 1.8.0_60-b27)
# Java VM: Java HotSpot(TM) 64-Bit Server VM (25.60-b23 mixed mode linux-amd64 compressed oops)
Heap:
 PSYoungGen      total 227840K, used 0K [0x00000000eab00000, 0x0000000100000000, 0x0000000100000000)
  eden space 111616K, 0% used [0x00000000eab00000,0x00000000eab00000,0x00000000f1800000)
  from space 116224K, 0% used [0x00000000f1800000,0x00000000f1800000,0x00000000f8980000)
  to   space 116224K, 0% used [0x00000000f8e80000,0x00000000f8e80000,0x0000000100000000)
 ParOldGen       total 286208K, used 217020K [0x00000000c0000000, 0x00000000d1780000, 0x00000000eab00000)
  object space 286208K, 75% used [0x00000000c0000000,0x00000000cd3ef3c8,0x00000000d1780000)
 Metaspace       used 6382K, capacity 7260K, committed 7424K, reserved 1056768K
  class space    used 610K, capacity 656K, committed 768K, reserved 1048576K
GC Heap History (10 events):
Event: 44.027 GC heap after
Heap after GC invocations=18 (full 5):
 PSYoungGen      total 232960K, used 0K [0x00000000eab00000, 0x0000000100000000, 0x0000000100000000)
  eden space 116736K, 0% used [0x00000000eab00000,0x00000000eab00000,0x00000000f1d00000)
  from space 116224K, 0% used [0x00000000f1d00000,0x00000000f1d00000,0x00000000f8e80000)
  to   space 116224K, 0% used [0x00000000f8e80000,0x00000000f8e80000,0x0000000100000000)
 ParOldGen       total 286208K, used 124917K [0x00000000c0000000, 0x00000000d1780000, 0x00000000eab00000)
  object space 286208K, 43% used [0x00000000c0000000,0x00000000c79fd560,0x00000000d1780000)
 Metaspace       used 6348K, capacity 7196K, committed 7424K, reserved 1056768K
  class space    used 609K, capacity 656K, committed 768K, reserved 1048576K
}
Event: 46.755 GC heap before
{Heap before GC invocations=19 (full 5):
 PSYoungGen      total 232960K, used 116736K [0x00000000eab00000, 0x0000000100000000, 0x0000000100000000)
  eden space 116736K, 100% used [0x00000000eab00000,0x00000000f1d00000,0x00000000f1d00000)
  from space 116224K, 0% used [0x00000000f1d00000,0x00000000f1d00000,0x00000000f8e80000)
  to   space 116224K, 0% used [0x00000000f8e80000,0x00000000f8e80000,0x0000000100000000)
 ParOldGen       total 286208K, used 124917K [0x00000000c0000000, 0x00000000d1780000, 0x00000000eab00000)
  object space 286208K, 43% used [0x00000000c0000000,0x00000000c79fd560,0x00000000d1780000)
 Metaspace       used 6381K, capacity 7260K, committed 7424K, reserved 1056768K
  class space    used 610K, capacity 656K, committed 768K, reserved 1048576K
Event: 46.817 GC heap after
Heap after GC invocations=19 (full 5):
 PSYoungGen      total 232960K, used 46590K [0x00000000eab00000, 0x0000000100000000, 0x0000000100000000)
  eden space 116736K, 0% used [0x00000000eab00000,0x00000000eab00000,0x00000000f1d00000)
  from space 116224K, 40% used [0x00000000f8e80000,0x00000000fbbffba8,0x0000000100000000)
  to   space 116224K, 0% used [0x00000000f1d00000,0x00000000f1d00000,0x00000000f8e80000)
 ParOldGen       total 286208K, used 124925K [0x00000000c0000000, 0x00000000d1780000, 0x00000000eab00000)
  object space 286208K, 43% used [0x00000000c0000000,0x00000000c79ff560,0x00000000d1780000)
 Metaspace       used 6381K, capacity 7260K, committed 7424K, reserved 1056768K
  class space    used 610K, capacity 656K, committed 768K, reserved 1048576K
}
Event: 47.718 GC heap before
{Heap before GC invocations=20 (full 5):
 PSYoungGen      total 232960K, used 163326K [0x00000000eab00000, 0x0000000100000000, 0x0000000100000000)
  eden space 116736K, 100% used [0x00000000eab00000,0x00000000f1d00000,0x00000000f1d00000)
  from space 116224K, 40% used [0x00000000f8e80000,0x00000000fbbffba8,0x0000000100000000)
  to   space 116224K, 0% used [0x00000000f1d00000,0x00000000f1d00000,0x00000000f8e80000)
 ParOldGen       total 286208K, used 124925K [0x00000000c0000000, 0x00000000d1780000, 0x00000000eab00000)
  object space 286208K, 43% used [0x00000000c0000000,0x00000000c79ff560,0x00000000d1780000)
 Metaspace       used 6381K, capacity 7260K, committed 7424K, reserved 1056768K
  class space    used 610K, capacity 656K, committed 768K, reserved 1048576K
Event: 47.804 GC heap after
Heap after GC invocations=20 (full 5):
 PSYoungGen      total 165376K, used 48503K [0x00000000eab00000, 0x00000000ff600000, 0x0000000100000000)
  eden space 116736K, 0% used [0x00000000eab00000,0x00000000eab00000,0x00000000f1d00000)
  from space 48640K, 99% used [0x00000000f1d00000,0x00000000f4c5dc98,0x00000000f4c80000)
  to   space 111104K, 0% used [0x00000000f8980000,0x00000000f8980000,0x00000000ff600000)
 ParOldGen       total 286208K, used 170073K [0x00000000c0000000, 0x00000000d1780000, 0x00000000eab00000)
  object space 286208K, 59% used [0x00000000c0000000,0x00000000ca616758,0x00000000d1780000)
 Metaspace       used 6381K, capacity 7260K, committed 7424K, reserved 1056768K
  class space    used 610K, capacity 656K, committed 768K, reserved 1048576K
}
Event: 48.264 GC heap before
{Heap before GC invocations=21 (full 5):
 PSYoungGen      total 165376K, used 165239K [0x00000000eab00000, 0x00000000ff600000, 0x0000000100000000)
  eden space 116736K, 100% used [0x00000000eab00000,0x00000000f1d00000,0x00000000f1d00000)
  from space 48640K, 99% used [0x00000000f1d00000,0x00000000f4c5dc98,0x00000000f4c80000)
  to   space 111104K, 0% used [0x00000000f8980000,0x00000000f8980000,0x00000000ff600000)
 ParOldGen       total 286208K, used 170073K [0x00000000c0000000, 0x00000000d1780000, 0x00000000eab00000)
  object space 286208K, 59% used [0x00000000c0000000,0x00000000ca616758,0x00000000d1780000)
 Metaspace       used 6382K, capacity 7260K, committed 7424K, reserved 1056768K
  class space    used 610K, capacity 656K, committed 768K, reserved 1048576K
Event: 48.331 GC heap after
Heap after GC invocations=21 (full 5):
 PSYoungGen      total 222720K, used 96206K [0x00000000eab00000, 0x0000000100000000, 0x0000000100000000)
  eden space 111616K, 0% used [0x00000000eab00000,0x00000000eab00000,0x00000000f1800000)
  from space 111104K, 86% used [0x00000000f8980000,0x00000000fe773920,0x00000000ff600000)
  to   space 116224K, 0% used [0x00000000f1800000,0x00000000f1800000,0x00000000f8980000)
 ParOldGen       total 286208K, used 170073K [0x00000000c0000000, 0x00000000d1780000, 0x00000000eab00000)
  object space 286208K, 59% used [0x00000000c0000000,0x00000000ca616758,0x00000000d1780000)
 Metaspace       used 6382K, capacity 7260K, committed 7424K, reserved 1056768K
  class space    used 610K, capacity 656K, committed 768K, reserved 1048576K
}
Event: 48.504 GC heap before
{Heap before GC invocations=22 (full 5):
 PSYoungGen      total 222720K, used 207822K [0x00000000eab00000, 0x0000000100000000, 0x0000000100000000)
  eden space 111616K, 100% used [0x00000000eab00000,0x00000000f1800000,0x00000000f1800000)
  from space 111104K, 86% used [0x00000000f8980000,0x00000000fe773920,0x00000000ff600000)
  to   space 116224K, 0% used [0x00000000f1800000,0x00000000f1800000,0x00000000f8980000)
 ParOldGen       total 286208K, used 170073K [0x00000000c0000000, 0x00000000d1780000, 0x00000000eab00000)
  object space 286208K, 59% used [0x00000000c0000000,0x00000000ca616758,0x00000000d1780000)
 Metaspace       used 6382K, capacity 7260K, committed 7424K, reserved 1056768K
  class space    used 610K, capacity 656K, committed 768K, reserved 1048576K
Event: 51.867 GC heap after
Heap after GC invocations=22 (full 5):
 PSYoungGen      total 227840K, used 51946K [0x00000000eab00000, 0x0000000100000000, 0x0000000100000000)
  eden space 111616K, 0% used [0x00000000eab00000,0x00000000eab00000,0x00000000f1800000)
  from space 116224K, 44% used [0x00000000f1800000,0x00000000f4aba848,0x00000000f8980000)
  to   space 116224K, 0% used [0x00000000f8e80000,0x00000000f8e80000,0x0000000100000000)
 ParOldGen       total 286208K, used 228296K [0x00000000c0000000, 0x00000000d1780000, 0x00000000eab00000)
  object space 286208K, 79% used [0x00000000c0000000,0x00000000cdef21f0,0x00000000d1780000)
 Metaspace       used 6382K, capacity 7260K, committed 7424K, reserved 1056768K
  class space    used 610K, capacity 656K, committed 768K, reserved 1048576K
}
Event: 52.193 GC heap before
{Heap before GC invocations=23 (full 6):
 PSYoungGen      total 227840K, used 51946K [0x00000000eab00000, 0x0000000100000000, 0x0000000100000000)
  eden space 111616K, 0% used [0x00000000eab00000,0x00000000eab00000,0x00000000f1800000)
  from space 116224K, 44% used [0x00000000f1800000,0x00000000f4aba848,0x00000000f8980000)
  to   space 116224K, 0% used [0x00000000f8e80000,0x00000000f8e80000,0x0000000100000000)
 ParOldGen       total 286208K, used 228296K [0x00000000c0000000, 0x00000000d1780000, 0x00000000eab00000)
  object space 286208K, 79% used [0x00000000c0000000,0x00000000cdef21f0,0x00000000d1780000)
 Metaspace       used 6382K, capacity 7260K, committed 7424K, reserved 1056768K
  class space    used 610K, capacity 656K, committed 768K, reserved 1048576K

